<?xml version="1.0" encoding="UTF-8"?>
<!-- Generated by org.testng.reporters.JUnitReportReporter -->
<testsuite hostname="DESKTOP-LVNNG7C" failures="0" tests="1" name="com.qa.tn.TN_register" time="10.524" errors="0" timestamp="2023-11-09T23:01:25 EST" skipped="0">
  <testcase classname="com.qa.tn.TN_register" name="verifyRegisterWithMandatoryFields" time="10.524"/>
</testsuite> <!-- com.qa.tn.TN_register -->
